[20:03:54] [ServerMain/INFO]: Environment: Environment[sessionHost=https://sessionserver.mojang.com, servicesHost=https://api.minecraftservices.com, name=PROD]
[20:03:55] [ServerMain/INFO]: Loaded 1290 recipes
[20:03:55] [ServerMain/INFO]: Loaded 1399 advancements
[20:03:56] [Server thread/INFO]: Starting minecraft server version 1.21
[20:03:56] [Server thread/INFO]: Loading properties
[20:03:56] [Server thread/INFO]: Default game type: CREATIVE
[20:03:56] [Server thread/INFO]: Generating keypair
[20:03:56] [Server thread/INFO]: Starting Minecraft server on *:25565
[20:03:56] [Server thread/INFO]: Using epoll channel type
[20:03:56] [Server thread/WARN]: **** SERVER IS RUNNING IN OFFLINE/INSECURE MODE!
[20:03:56] [Server thread/WARN]: The server will make no attempt to authenticate usernames. Beware.
[20:03:56] [Server thread/WARN]: While this makes the game possible to play without internet access, it also opens up the ability for hackers to connect with any username they choose.
[20:03:56] [Server thread/WARN]: To change this, set "online-mode" to "true" in the server.properties file.
[20:03:56] [Server thread/INFO]: Preparing level "world"
[20:03:59] [Server thread/INFO]: Preparing start region for dimension minecraft:overworld
[20:03:59] [Worker-Main-3/INFO]: Preparing spawn area: 0%
[20:03:59] [Server thread/INFO]: Time elapsed: 434 ms
[20:03:59] [Server thread/INFO]: Done (2.931s)! For help, type "help"
[20:04:13] [Server thread/INFO]: BaconHairLord[/10.147.20.197:51819] logged in with entity id 25 at (-102.10226344055522, 73.0, 33.30000001192093)
[20:04:13] [Server thread/INFO]: BaconHairLord joined the game
[20:04:19] [Server thread/INFO]: BaconHairLord lost connection: Disconnected
[20:04:19] [Server thread/INFO]: BaconHairLord left the game
